# JRE version: OpenJDK Runtime Environment Microsoft-8035250 (11.0.20+8) (build 11.0.20+8-LTS)
# Java VM: OpenJDK 64-Bit Server VM Microsoft-8035250 (11.0.20+8-LTS, mixed mode, tiered, compressed oops, g1 gc, windows-amd64)
Heap:
 garbage-first heap   total 312320K, used 56930K [0x0000000703200000, 0x0000000800000000)
  region size 1024K, 45 young (46080K), 10 survivors (10240K)
 Metaspace       used 24923K, capacity 25334K, committed 25472K, reserved 1073152K
  class space    used 2485K, capacity 2639K, committed 2688K, reserved 1048576K
GC Heap History (12 events):
Event: 0.327 GC heap before
{Heap before GC invocations=0 (full 0):
 garbage-first heap   total 260096K, used 24576K [0x0000000703200000, 0x0000000800000000)
  region size 1024K, 24 young (24576K), 0 survivors (0K)
 Metaspace       used 12588K, capacity 12785K, committed 12928K, reserved 1060864K
  class space    used 1240K, capacity 1348K, committed 1408K, reserved 1048576K
}
Event: 0.329 GC heap after
{Heap after GC invocations=1 (full 0):
 garbage-first heap   total 260096K, used 3475K [0x0000000703200000, 0x0000000800000000)
  region size 1024K, 3 young (3072K), 3 survivors (3072K)
 Metaspace       used 12588K, capacity 12785K, committed 12928K, reserved 1060864K
  class space    used 1240K, capacity 1348K, committed 1408K, reserved 1048576K
}
Event: 1.050 GC heap before
{Heap before GC invocations=1 (full 0):
 garbage-first heap   total 260096K, used 142739K [0x0000000703200000, 0x0000000800000000)
  region size 1024K, 140 young (143360K), 3 survivors (3072K)
 Metaspace       used 20890K, capacity 21171K, committed 21248K, reserved 1069056K
  class space    used 2120K, capacity 2248K, committed 2304K, reserved 1048576K
}
Event: 1.059 GC heap after
{Heap after GC invocations=2 (full 0):
 garbage-first heap   total 260096K, used 7553K [0x0000000703200000, 0x0000000800000000)
  region size 1024K, 7 young (7168K), 7 survivors (7168K)
 Metaspace       used 20890K, capacity 21171K, committed 21248K, reserved 1069056K
  class space    used 2120K, capacity 2248K, committed 2304K, reserved 1048576K
}
Event: 1.388 GC heap before
{Heap before GC invocations=3 (full 0):
 garbage-first heap   total 260096K, used 155009K [0x0000000703200000, 0x0000000800000000)
  region size 1024K, 151 young (154624K), 7 survivors (7168K)
 Metaspace       used 21756K, capacity 22113K, committed 22272K, reserved 1069056K
  class space    used 2157K, capacity 2284K, committed 2304K, reserved 1048576K
}
Event: 1.394 GC heap after
{Heap after GC invocations=4 (full 0):
 garbage-first heap   total 260096K, used 10987K [0x0000000703200000, 0x0000000800000000)
  region size 1024K, 11 young (11264K), 11 survivors (11264K)
 Metaspace       used 21756K, capacity 22113K, committed 22272K, reserved 1069056K
  class space    used 2157K, capacity 2284K, committed 2304K, reserved 1048576K
}
Event: 1.728 GC heap before
{Heap before GC invocations=4 (full 0):
 garbage-first heap   total 260096K, used 156395K [0x0000000703200000, 0x0000000800000000)
  region size 1024K, 152 young (155648K), 11 survivors (11264K)
 Metaspace       used 23290K, capacity 23760K, committed 24064K, reserved 1071104K
  class space    used 2308K, capacity 2478K, committed 2560K, reserved 1048576K
}
Event: 1.734 GC heap after
{Heap after GC invocations=5 (full 0):
 garbage-first heap   total 260096K, used 21982K [0x0000000703200000, 0x0000000800000000)
  region size 1024K, 17 young (17408K), 17 survivors (17408K)
 Metaspace       used 23290K, capacity 23760K, committed 24064K, reserved 1071104K
  class space    used 2308K, capacity 2478K, committed 2560K, reserved 1048576K
}
Event: 1.825 GC heap before
{Heap before GC invocations=5 (full 0):
 garbage-first heap   total 260096K, used 160222K [0x0000000703200000, 0x0000000800000000)
  region size 1024K, 152 young (155648K), 17 survivors (17408K)
 Metaspace       used 23313K, capacity 23760K, committed 24064K, reserved 1071104K
  class space    used 2308K, capacity 2478K, committed 2560K, reserved 1048576K
}
Event: 1.829 GC heap after
{Heap after GC invocations=6 (full 0):
 garbage-first heap   total 312320K, used 22266K [0x0000000703200000, 0x0000000800000000)
  region size 1024K, 10 young (10240K), 10 survivors (10240K)
 Metaspace       used 23313K, capacity 23760K, committed 24064K, reserved 1071104K
  class space    used 2308K, capacity 2478K, committed 2560K, reserved 1048576K
}
Event: 2.066 GC heap before
{Heap before GC invocations=6 (full 0):
 garbage-first heap   total 312320K, used 199418K [0x0000000703200000, 0x0000000800000000)
  region size 1024K, 183 young (187392K), 10 survivors (10240K)
 Metaspace       used 24733K, capacity 25110K, committed 25216K, reserved 1071104K
  class space    used 2448K, capacity 2607K, committed 2688K, reserved 1048576K
}
Event: 2.067 GC heap after
{Heap after GC invocations=7 (full 0):
 garbage-first heap   total 312320K, used 22114K [0x0000000703200000, 0x0000000800000000)
  region size 1024K, 10 young (10240K), 10 survivors (10240K)
 Metaspace       used 24733K, capacity 25110K, committed 25216K, reserved 1071104K
  class space    used 2448K, capacity 2607K, committed 2688K, reserved 1048576K
}

